<component name="libraryTable">
  <library name="junit-jupiter-api-5.10.1">
    <CLASSES>
      <root url="jar://$PROJECT_DIR$/lib/junit-jupiter-api-5.10.0.jar!/" />
      <root url="jar://$PROJECT_DIR$/lib/apiguardian-api-1.1.2.jar!/" />
      <root url="jar://$PROJECT_DIR$/lib/junit-jupiter-engine-5.10.0.jar!/" />
      <root url="jar://$PROJECT_DIR$/lib/junit-platform-commons-1.10.0.jar!/" />
      <root url="jar://$PROJECT_DIR$/lib/junit-platform-engine-1.10.0.jar!/" />
    </CLASSES>
    <JAVADOC />
    <SOURCES />
  </library>
</component>